
==============================================================================
lazy:                                                               2 ⚠️  1 ❌

lazy.nvim ~
- {lazy.nvim} version `11.17.5`
- ✅ OK {git} `version 2.53.0.windows.3`
- ✅ OK no existing packages found by other package managers
- ✅ OK packer_compiled.lua not found

luarocks ~
- checking `hererocks` installation
- ✅ OK no plugins require `luarocks`, so you can ignore any warnings below
- ✅ OK {python} `Python 3.12.13`
- ❌ ERROR {C:/Users/coolk/.local/share/nvim-data/lazy-rocks/hererocks/bin/luarocks} not installed
- ⚠️ WARNING {C:/Users/coolk/.local/share/nvim-data/lazy-rocks/hererocks/bin/lua} version `5.1` not installed
- ⚠️ WARNING Lazy won't be able to install plugins that require `luarocks`.
  Here's what you can do:
   - fix your `luarocks` installation
   - disable *hererocks* with `opts.rocks.hererocks = false`
   - disable `luarocks` support completely with `opts.rocks.enabled = false`

==============================================================================
lazyvim:                                                                  1 ❌

LazyVim ~
- ✅ OK Using Neovim >= 0.11.2
- ✅ OK `git` is installed
- ✅ OK `rg` is installed
- ✅ OK `fd` is installed
- ✅ OK `lazygit` is installed
- ✅ OK `fzf` is installed
- ✅ OK `curl` is installed

LazyVim nvim-treesitter ~
- ❌ ERROR `C compiler` is not installed
- ✅ OK `curl` is installed
- ✅ OK `tar` is installed
- ✅ OK `tree-sitter (CLI)` is installed
- See the requirements at [nvim-treesitter](https://github.com/nvim-treesitter/nvim-treesitter/tree/main?tab=readme-ov-file#requirements)
- Run `:checkhealth nvim-treesitter` for more information.
- Install a C compiler with `winget install --id=BrechtSanders.WinLibs.POSIX.UCRT -e`

==============================================================================
snacks:                                                             6 ⚠️ 10 ❌

Snacks ~
- ✅ OK setup called

Snacks.bigfile ~
- ✅ OK setup {enabled}

Snacks.dashboard ~
- ✅ OK setup {enabled}
- ❌ ERROR setup did not run

Snacks.explorer ~
- ✅ OK setup {enabled}
- ✅ OK 'powershell' `At line:1 char:3`
- ✅ OK System trash command found

Snacks.image ~
- ⚠️ WARNING setup {disabled}
- ✅ OK 'wezterm' `wezterm 20240203-110809-5046fc22`
- ❌ ERROR Tool not found: 'magick'
- ❌ ERROR `magick` is required to convert images. Only PNG files will be displayed.
- ✅ OK Terminal Dimensions:
  - {size}: `720` x `432` pixels
  - {scale}: `1.12`
  - {cell}: `9` x `18` pixels
- ❌ ERROR Tool not found: 'gs'
- ⚠️ WARNING `gs` is required to render PDF files
- ❌ ERROR None of the tools found: 'tectonic', 'pdflatex'
- ⚠️ WARNING `tectonic` or `pdflatex` is required to render LaTeX math expressions
- ❌ ERROR Tool not found: 'mmdc'
- ⚠️ WARNING `mmdc` is required to render Mermaid diagrams
- ❌ ERROR your terminal does not support the kitty graphics protocol
- supported terminals: `kitty`, `wezterm`, `ghostty`

Snacks.input ~
- ✅ OK setup {enabled}
- ❌ ERROR `vim.ui.input` is not set to `Snacks.input`

Snacks.lazygit ~
- ✅ OK {lazygit} installed

Snacks.notifier ~
- ✅ OK setup {enabled}
- ❌ ERROR is not ready

Snacks.picker ~
- ✅ OK setup {enabled}
- ❌ ERROR `vim.ui.select` is not set to `Snacks.picker.select`
- ⚠️ WARNING Missing Treesitter languages:
    `regex`
- ✅ OK 'git' `git version 2.53.0.windows.3`
- ✅ OK 'rg' `ripgrep 15.1.0 (rev af60c2de9d)`
- ✅ OK `Snacks.picker.grep()` is available
- ✅ OK 'fd' `fd 10.4.2`
- ✅ OK `Snacks.picker.files()` is available
- ✅ OK `Snacks.picker.explorer()` is available
- ✅ OK `SQLite3` is available

Snacks.quickfile ~
- ✅ OK setup {enabled}

Snacks.scope ~
- ✅ OK setup {enabled}

Snacks.scroll ~
- ✅ OK setup {enabled}

Snacks.statuscolumn ~
- ⚠️ WARNING setup {disabled}

Snacks.terminal ~
- ✅ OK shell configured
  - `vim.o.shell`: cmd.exe
  - `parsed`: { "cmd.exe" }

Snacks.toggle ~
- ✅ OK {which-key} is installed

Snacks.words ~
- ✅ OK setup {enabled}

==============================================================================
vim.deprecated:                                                             ✅

- ✅ OK No deprecated functions detected

==============================================================================
vim.health:                                                                 ✅

System Info ~
- ✅ OK Up to date (0.12.1)
- Nvim version: `v0.12.1` 
- Operating system: Windows_NT 10.0.26200
- Terminal: WezTerm 20240203-110809-5046fc22
- $TERM: xterm-256color

Configuration ~
- ✅ OK no issues found

Runtime ~
- ✅ OK $VIMRUNTIME: C:\Program Files\Neovim\share/nvim/runtime

Performance ~
- ✅ OK Build type: Release

Remote Plugins ~
- ✅ OK Up to date

External Tools ~
- ✅ OK ripgrep 15.1.0 (rev af60c2de9d) (C:\Users\coolk\AppData\Local\Microsoft\WinGet\Links\rg.EXE)
- ✅ OK vim.ui.open: handler found (cmd.exe)
- ✅ OK git version 2.53.0.windows.3 (C:\Program Files\Git\cmd\git.EXE)
- ✅ OK curl 8.18.0 (C:\WINDOWS\system32\curl.EXE)
  curl 8.18.0 (Windows) libcurl/8.18.0 Schannel zlib/1.3.1 WinIDN WinLDAP
  Release-Date: 2026-01-07
  Protocols: dict file ftp ftps gopher gophers http https imap imaps ipfs ipns ldap ldaps mqtt pop3 pop3s smb smbs smtp smtps telnet tftp ws wss
  Features: alt-svc AsynchDNS HSTS HTTPS-proxy IDN IPv6 Kerberos Largefile libz NTLM SPNEGO SSL SSPI threadsafe Unicode UnixSockets

==============================================================================
vim.lsp:                                                                    ✅

- LSP log level : WARN
- Log path: C:/Users/coolk/.local/state/nvim-data/lsp.log
- Log size: 1 KB

vim.lsp: Active Features ~

vim.lsp: Active Clients ~
- No active clients

vim.lsp: Enabled Configurations ~

vim.lsp: File Watcher ~
- file watching "(workspace/didChangeWatchedFiles)" disabled on all clients

vim.lsp: Position Encodings ~
- No active clients

==============================================================================
vim.pack:                                                                   ✅

vim.pack: basics ~
- ✅ OK `vim.pack` is not used

==============================================================================
vim.provider:                                                             6 ⚠️

Clipboard (optional) ~
- ✅ OK Clipboard tool found: win32yank

Node.js provider (optional) ~
- Node.js: 24.15.0
- ⚠️ WARNING Missing "neovim" npm (or yarn, pnpm) package.
  - ADVICE:
    - Run in shell: npm install -g neovim
    - Run in shell (if you use yarn): yarn global add neovim
    - Run in shell (if you use pnpm): pnpm install -g neovim
    - You may disable this provider (and warning) by adding `let g:loaded_node_provider = 0` to your init.vim

Perl provider (optional) ~
- ⚠️ WARNING No perl executable found
  - ADVICE:
    - See :help |provider-perl| for more information.
    - You can disable this provider (and warning) by adding `let g:loaded_perl_provider = 0` to your init.vim
- ⚠️ WARNING No usable perl executable found

Python 3 provider (optional) ~
- ⚠️ WARNING No Python executable found that can `import neovim`. Using the first available executable for diagnostics.
- ⚠️ WARNING Could not load Python :
  python3 not found in search path or not executable.
  python3.14 not found in search path or not executable.
  python3.13 not found in search path or not executable.
  python3.12 not found in search path or not executable.
  python3.11 not found in search path or not executable.
  python3.10 not found in search path or not executable.
  python3.9 not found in search path or not executable.
  C:\Users\coolk\src\ooodnakov-config\.venv\Scripts\python.EXE does not have the "neovim" module.
  - ADVICE:
    - See :help |provider-python| for more information.
    - You can disable this provider (and warning) by adding `let g:loaded_python3_provider = 0` to your init.vim
- Executable: Not found

Python virtualenv ~
- $VIRTUAL_ENV is set to: C:\Users\coolk\src\ooodnakov-config\.venv
- Python version: 3.12.13
- ✅ OK $VIRTUAL_ENV provides :!python.

Ruby provider (optional) ~
- ⚠️ WARNING `ruby` and `gem` must be in $PATH.
  - ADVICE:
    - Install Ruby and verify that `ruby` and `gem` commands work.

==============================================================================
vim.treesitter:                                                             ✅

Treesitter features ~
- Treesitter ABI support: min 13, max 15
- WASM parser support: false

Treesitter parsers ~
- ✅ OK Parser: c                         ABI: 15, path: C:\Program Files\Neovim\lib\nvim\parser\c.dll
- ✅ OK Parser: lua                       ABI: 15, path: C:\Program Files\Neovim\lib\nvim\parser\lua.dll
- ✅ OK Parser: markdown                  ABI: 15, path: C:\Program Files\Neovim\lib\nvim\parser\markdown.dll
- ✅ OK Parser: markdown_inline           ABI: 15, path: C:\Program Files\Neovim\lib\nvim\parser\markdown_inline.dll
- ✅ OK Parser: query                     ABI: 15, path: C:\Program Files\Neovim\lib\nvim\parser\query.dll
- ✅ OK Parser: vim                       ABI: 15, path: C:\Program Files\Neovim\lib\nvim\parser\vim.dll
- ✅ OK Parser: vimdoc                    ABI: 15, path: C:\Program Files\Neovim\lib\nvim\parser\vimdoc.dll

Treesitter queries ~

